=== Direction-5: GDN Hybrid Training ===
Arch: D_GDN_Hybrid (ARCH_MODE=D)
Seed: 42, Max steps: 9999, Warmdown: 1000
Train seq_len: 2048, Wallclock budget: 590.0s
QK_GAIN_INIT: 5.0
World size: 8, Grad accum: 1
EMA decay: 0.997, SWA: True (every 50)
Late QAT threshold: 0.15
MuonEq-R: enabled
Validation tokens: 62,021,632
Model built in 0.2s
Parameters: {'embedding': 925697, 'recurrent': 13251360, 'attention': 792584, 'mlp': 18880512, 'other': 12800, 'total': 33862953}
Total params: 33,862,953
Matrix params: 33,263,616
Scalar params: 75,049
Embed params: 524,288
Generated coprime shard order: stride across 80 shards

================================================================================
Starting training: max 9999 steps (from step 0)
Wallclock budget: 590.0s
================================================================================

step     1/9999 | loss 6.9368 | lr_mul 0.0500 | mom 0.850 | 0.36 steps/s | 3s
step     2/9999 | loss 6.7108 | lr_mul 0.1000 | mom 0.850 | 0.64 steps/s | 3s
step     3/9999 | loss 6.1586 | lr_mul 0.1500 | mom 0.851 | 0.89 steps/s | 3s
step     4/9999 | loss 5.8825 | lr_mul 0.2000 | mom 0.851 | 1.10 steps/s | 4s
step     5/9999 | loss 5.8142 | lr_mul 0.2500 | mom 0.851 | 1.28 steps/s | 4s
step     6/9999 | loss 5.7682 | lr_mul 0.3000 | mom 0.851 | 1.44 steps/s | 4s
step     7/9999 | loss 5.7301 | lr_mul 0.3500 | mom 0.851 | 1.58 steps/s | 4s
step     8/9999 | loss 5.7047 | lr_mul 0.4000 | mom 0.852 | 1.71 steps/s | 5s
step     9/9999 | loss 5.6382 | lr_mul 0.4500 | mom 0.852 | 1.82 steps/s | 5s
step    10/9999 | loss 5.5579 | lr_mul 0.5000 | mom 0.852 | 1.92 steps/s | 5s
step   100/9999 | loss 3.6620 | lr_mul 1.0000 | mom 0.870 | 3.47 steps/s | 29s
step   200/9999 | loss 2.6995 | lr_mul 1.0000 | mom 0.890 | 3.63 steps/s | 55s
step   300/9999 | loss 2.5032 | lr_mul 1.0000 | mom 0.910 | 3.69 steps/s | 81s
step   400/9999 | loss 2.4037 | lr_mul 1.0000 | mom 0.930 | 3.72 steps/s | 108s
step   500/9999 | loss 2.3427 | lr_mul 1.0000 | mom 0.950 | 3.74 steps/s | 134s
step   600/9999 | loss 2.3085 | lr_mul 1.0000 | mom 0.950 | 3.76 steps/s | 160s
step   700/9999 | loss 2.2691 | lr_mul 1.0000 | mom 0.950 | 3.76 steps/s | 186s
step   800/9999 | loss 2.2465 | lr_mul 1.0000 | mom 0.950 | 3.77 steps/s | 212s
step   900/9999 | loss 2.2008 | lr_mul 1.0000 | mom 0.950 | 3.77 steps/s | 238s
step  1000/9999 | loss 2.1897 | lr_mul 1.0000 | mom 0.950 | 3.78 steps/s | 264s
step  1100/9999 | loss 2.1652 | lr_mul 1.0000 | mom 0.950 | 3.79 steps/s | 291s
step  1200/9999 | loss 2.1627 | lr_mul 1.0000 | mom 0.950 | 3.79 steps/s | 317s
step  1300/9999 | loss 2.1456 | lr_mul 1.0000 | mom 0.950 | 3.79 steps/s | 343s
step  1400/9999 | loss 2.1370 | lr_mul 1.0000 | mom 0.950 | 3.79 steps/s | 370s
step  1500/9999 | loss 2.1260 | lr_mul 1.0000 | mom 0.950 | 3.79 steps/s | 396s
step  1600/9999 | loss 2.1346 | lr_mul 1.0000 | mom 0.950 | 3.79 steps/s | 422s
step  1700/9999 | loss 2.1226 | lr_mul 1.0000 | mom 0.950 | 3.79 steps/s | 448s
step  1800/9999 | loss 2.1121 | lr_mul 1.0000 | mom 0.950 | 3.79 steps/s | 474s
step  1900/9999 | loss 2.1053 | lr_mul 1.0000 | mom 0.950 | 3.80 steps/s | 500s
step  2000/9999 | loss 2.1003 | lr_mul 1.0000 | mom 0.950 | 3.80 steps/s | 527s
step  2100/9999 | loss 2.1097 | lr_mul 1.0000 | mom 0.950 | 3.80 steps/s | 553s
step  2200/9999 | loss 2.1060 | lr_mul 1.0000 | mom 0.950 | 3.80 steps/s | 579s
Wallclock limit reached (590s), will stop after this step
Stopping early at step 2243 (wallclock limit)

Training complete in 590s (2243 steps)
Peak memory: 35748 MiB
Steps/sec: 3.80

=== Applying EMA weights ===
Saved raw EMA model
EXIT_AFTER_EMA_SAVE=1, stopping before post-train eval/quantization
