=== Direction-5: GDN Hybrid Training ===
Arch: D_GDN_Hybrid (ARCH_MODE=D)
Seed: 1337, Max steps: 9999, Warmdown: 1000
Train seq_len: 2048, Wallclock budget: 590.0s
QK_GAIN_INIT: 5.0
World size: 8, Grad accum: 1
EMA decay: 0.997, SWA: True (every 50)
Late QAT threshold: 0.15
MuonEq-R: enabled
Validation tokens: 62,021,632
Model built in 0.2s
Parameters: {'embedding': 925697, 'recurrent': 13251360, 'attention': 792584, 'mlp': 18880512, 'other': 12800, 'total': 33862953}
Total params: 33,862,953
Matrix params: 33,263,616
Scalar params: 75,049
Embed params: 524,288
Generated coprime shard order: stride across 80 shards

================================================================================
Starting training: max 9999 steps (from step 0)
Wallclock budget: 590.0s
================================================================================

step     1/9999 | loss 6.9316 | lr_mul 0.0500 | mom 0.850 | 0.36 steps/s | 3s
step     2/9999 | loss 6.7037 | lr_mul 0.1000 | mom 0.850 | 0.66 steps/s | 3s
step     3/9999 | loss 6.1494 | lr_mul 0.1500 | mom 0.851 | 0.91 steps/s | 3s
step     4/9999 | loss 5.8672 | lr_mul 0.2000 | mom 0.851 | 1.12 steps/s | 4s
step     5/9999 | loss 5.8453 | lr_mul 0.2500 | mom 0.851 | 1.30 steps/s | 4s
step     6/9999 | loss 5.7916 | lr_mul 0.3000 | mom 0.851 | 1.46 steps/s | 4s
step     7/9999 | loss 5.7140 | lr_mul 0.3500 | mom 0.851 | 1.60 steps/s | 4s
step     8/9999 | loss 5.7341 | lr_mul 0.4000 | mom 0.852 | 1.73 steps/s | 5s
step     9/9999 | loss 5.6276 | lr_mul 0.4500 | mom 0.852 | 1.84 steps/s | 5s
step    10/9999 | loss 5.5280 | lr_mul 0.5000 | mom 0.852 | 1.94 steps/s | 5s
step   100/9999 | loss 3.6792 | lr_mul 1.0000 | mom 0.870 | 3.47 steps/s | 29s
step   200/9999 | loss 2.7050 | lr_mul 1.0000 | mom 0.890 | 3.63 steps/s | 55s
step   300/9999 | loss 2.4803 | lr_mul 1.0000 | mom 0.910 | 3.69 steps/s | 81s
step   400/9999 | loss 2.3840 | lr_mul 1.0000 | mom 0.930 | 3.73 steps/s | 107s
step   500/9999 | loss 2.3155 | lr_mul 1.0000 | mom 0.950 | 3.75 steps/s | 133s
step   600/9999 | loss 2.2778 | lr_mul 1.0000 | mom 0.950 | 3.76 steps/s | 159s
step   700/9999 | loss 2.2466 | lr_mul 1.0000 | mom 0.950 | 3.77 steps/s | 186s
step   800/9999 | loss 2.2271 | lr_mul 1.0000 | mom 0.950 | 3.78 steps/s | 212s
step   900/9999 | loss 2.2331 | lr_mul 1.0000 | mom 0.950 | 3.78 steps/s | 238s
step  1000/9999 | loss 2.1978 | lr_mul 1.0000 | mom 0.950 | 3.79 steps/s | 264s
step  1100/9999 | loss 2.1812 | lr_mul 1.0000 | mom 0.950 | 3.79 steps/s | 290s
step  1200/9999 | loss 2.1810 | lr_mul 1.0000 | mom 0.950 | 3.80 steps/s | 316s
step  1300/9999 | loss 2.1582 | lr_mul 1.0000 | mom 0.950 | 3.80 steps/s | 342s
step  1400/9999 | loss 2.1300 | lr_mul 1.0000 | mom 0.950 | 3.80 steps/s | 369s
step  1500/9999 | loss 2.1276 | lr_mul 1.0000 | mom 0.950 | 3.80 steps/s | 395s
step  1600/9999 | loss 2.1354 | lr_mul 1.0000 | mom 0.950 | 3.80 steps/s | 421s
step  1700/9999 | loss 2.1259 | lr_mul 1.0000 | mom 0.950 | 3.80 steps/s | 447s
step  1800/9999 | loss 2.1137 | lr_mul 1.0000 | mom 0.950 | 3.81 steps/s | 473s
step  1900/9999 | loss 2.1169 | lr_mul 1.0000 | mom 0.950 | 3.81 steps/s | 499s
step  2000/9999 | loss 2.1098 | lr_mul 1.0000 | mom 0.950 | 3.81 steps/s | 525s
step  2100/9999 | loss 2.0971 | lr_mul 1.0000 | mom 0.950 | 3.81 steps/s | 551s
step  2200/9999 | loss 2.1001 | lr_mul 1.0000 | mom 0.950 | 3.81 steps/s | 577s
Wallclock limit reached (590s), will stop after this step
Stopping early at step 2251 (wallclock limit)

Training complete in 590s (2251 steps)
Peak memory: 35748 MiB
Steps/sec: 3.81

=== Applying EMA weights ===
Saved raw EMA model
EXIT_AFTER_EMA_SAVE=1, stopping before post-train eval/quantization
